<?xml version="1.0" encoding="UTF-8"?>
<!-- Generated by org.testng.reporters.JUnitXMLReporter -->
<testsuite hostname="LAPTOP-52QV5S1J" failures="0" tests="6" name="Default test" time="46.544" errors="0" timestamp="1 Mar 2024 15:24:10 GMT">
  <testcase classname="dataprovider.Ecommerceprogram" name="user_register" time="5.963"/>
  <testcase classname="dataprovider.Ecommerceprogram" name="user_register" time="5.649"/>
  <testcase classname="dataprovider.Ecommerceprogram" name="user_register" time="5.813"/>
  <testcase classname="dataprovider.Ecommerceprogram" name="user_register" time="5.554"/>
  <testcase classname="dataprovider.Ecommerceprogram" name="user_register" time="5.703"/>
  <testcase classname="dataprovider.Ecommerceprogram" name="account_action" time="13.323"/>
</testsuite> <!-- Default test -->
