<?xml version="1.0" encoding="UTF-8"?>
<testng-results total="6" passed="6" failed="0" skipped="0">
  <reporter-output>
  </reporter-output>
  <suite started-at="2024-03-01T15:23:24Z" name="Default suite" finished-at="2024-03-01T15:24:10Z" duration-ms="46544">
    <groups>
    </groups>
    <test started-at="2024-03-01T15:23:24Z" name="Default test" finished-at="2024-03-01T15:24:10Z" duration-ms="46544">
      <class name="dataprovider.Ecommerceprogram">
        <test-method is-config="true" signature="redirect_url()[pri:0, instance:dataprovider.Ecommerceprogram@68702e03]" started-at="2024-03-01T20:53:24Z" name="redirect_url" finished-at="2024-03-01T20:53:27Z" duration-ms="3030" status="PASS">
          <reporter-output>
          </reporter-output>
        </test-method> <!-- redirect_url -->
        <test-method signature="user_register(java.lang.String, java.lang.String, java.lang.String, java.lang.String, java.lang.String, java.lang.String, java.lang.String, java.lang.String, java.lang.String, java.lang.String)[pri:1, instance:dataprovider.Ecommerceprogram@68702e03]" started-at="2024-03-01T20:53:28Z" name="user_register" data-provider="read_data" finished-at="2024-03-01T20:53:34Z" duration-ms="5963" status="PASS">
          <params>
            <param index="0">
              <value>
                <![CDATA[M]]>
              </value>
            </param>
            <param index="1">
              <value>
                <![CDATA[Abhishek]]>
              </value>
            </param>
            <param index="2">
              <value>
                <![CDATA[Bohra]]>
              </value>
            </param>
            <param index="3">
              <value>
                <![CDATA[23]]>
              </value>
            </param>
            <param index="4">
              <value>
                <![CDATA[January]]>
              </value>
            </param>
            <param index="5">
              <value>
                <![CDATA[1995]]>
              </value>
            </param>
            <param index="6">
              <value>
                <![CDATA[abhishekb@gmail.com]]>
              </value>
            </param>
            <param index="7">
              <value>
                <![CDATA[Moolya]]>
              </value>
            </param>
            <param index="8">
              <value>
                <![CDATA[Pass@123]]>
              </value>
            </param>
            <param index="9">
              <value>
                <![CDATA[Pass@123]]>
              </value>
            </param>
          </params>
          <reporter-output>
          </reporter-output>
        </test-method> <!-- user_register -->
        <test-method signature="user_register(java.lang.String, java.lang.String, java.lang.String, java.lang.String, java.lang.String, java.lang.String, java.lang.String, java.lang.String, java.lang.String, java.lang.String)[pri:1, instance:dataprovider.Ecommerceprogram@68702e03]" started-at="2024-03-01T20:53:34Z" name="user_register" data-provider="read_data" finished-at="2024-03-01T20:53:40Z" duration-ms="5649" status="PASS">
          <params>
            <param index="0">
              <value>
                <![CDATA[M]]>
              </value>
            </param>
            <param index="1">
              <value>
                <![CDATA[Aniket]]>
              </value>
            </param>
            <param index="2">
              <value>
                <![CDATA[Chinchore]]>
              </value>
            </param>
            <param index="3">
              <value>
                <![CDATA[16]]>
              </value>
            </param>
            <param index="4">
              <value>
                <![CDATA[February]]>
              </value>
            </param>
            <param index="5">
              <value>
                <![CDATA[1996]]>
              </value>
            </param>
            <param index="6">
              <value>
                <![CDATA[chinchoreaniket@gmail.com]]>
              </value>
            </param>
            <param index="7">
              <value>
                <![CDATA[Moolya]]>
              </value>
            </param>
            <param index="8">
              <value>
                <![CDATA[Pass@1234]]>
              </value>
            </param>
            <param index="9">
              <value>
                <![CDATA[Pass@1234]]>
              </value>
            </param>
          </params>
          <reporter-output>
          </reporter-output>
        </test-method> <!-- user_register -->
        <test-method signature="user_register(java.lang.String, java.lang.String, java.lang.String, java.lang.String, java.lang.String, java.lang.String, java.lang.String, java.lang.String, java.lang.String, java.lang.String)[pri:1, instance:dataprovider.Ecommerceprogram@68702e03]" started-at="2024-03-01T20:53:40Z" name="user_register" data-provider="read_data" finished-at="2024-03-01T20:53:45Z" duration-ms="5813" status="PASS">
          <params>
            <param index="0">
              <value>
                <![CDATA[F]]>
              </value>
            </param>
            <param index="1">
              <value>
                <![CDATA[Sridevi]]>
              </value>
            </param>
            <param index="2">
              <value>
                <![CDATA[Vedula]]>
              </value>
            </param>
            <param index="3">
              <value>
                <![CDATA[1]]>
              </value>
            </param>
            <param index="4">
              <value>
                <![CDATA[September]]>
              </value>
            </param>
            <param index="5">
              <value>
                <![CDATA[1984]]>
              </value>
            </param>
            <param index="6">
              <value>
                <![CDATA[srideviv@gmail.com]]>
              </value>
            </param>
            <param index="7">
              <value>
                <![CDATA[Moolya]]>
              </value>
            </param>
            <param index="8">
              <value>
                <![CDATA[Pass@123]]>
              </value>
            </param>
            <param index="9">
              <value>
                <![CDATA[Pass@123]]>
              </value>
            </param>
          </params>
          <reporter-output>
          </reporter-output>
        </test-method> <!-- user_register -->
        <test-method signature="user_register(java.lang.String, java.lang.String, java.lang.String, java.lang.String, java.lang.String, java.lang.String, java.lang.String, java.lang.String, java.lang.String, java.lang.String)[pri:1, instance:dataprovider.Ecommerceprogram@68702e03]" started-at="2024-03-01T20:53:45Z" name="user_register" data-provider="read_data" finished-at="2024-03-01T20:53:51Z" duration-ms="5554" status="PASS">
          <params>
            <param index="0">
              <value>
                <![CDATA[F]]>
              </value>
            </param>
            <param index="1">
              <value>
                <![CDATA[Shilpashree]]>
              </value>
            </param>
            <param index="2">
              <value>
                <![CDATA[HM]]>
              </value>
            </param>
            <param index="3">
              <value>
                <![CDATA[8]]>
              </value>
            </param>
            <param index="4">
              <value>
                <![CDATA[July]]>
              </value>
            </param>
            <param index="5">
              <value>
                <![CDATA[1997]]>
              </value>
            </param>
            <param index="6">
              <value>
                <![CDATA[shilapashree@gmail.com]]>
              </value>
            </param>
            <param index="7">
              <value>
                <![CDATA[Moolya]]>
              </value>
            </param>
            <param index="8">
              <value>
                <![CDATA[Pass@12345]]>
              </value>
            </param>
            <param index="9">
              <value>
                <![CDATA[Pass@12345]]>
              </value>
            </param>
          </params>
          <reporter-output>
          </reporter-output>
        </test-method> <!-- user_register -->
        <test-method signature="user_register(java.lang.String, java.lang.String, java.lang.String, java.lang.String, java.lang.String, java.lang.String, java.lang.String, java.lang.String, java.lang.String, java.lang.String)[pri:1, instance:dataprovider.Ecommerceprogram@68702e03]" started-at="2024-03-01T20:53:51Z" name="user_register" data-provider="read_data" finished-at="2024-03-01T20:53:57Z" duration-ms="5703" status="PASS">
          <params>
            <param index="0">
              <value>
                <![CDATA[F]]>
              </value>
            </param>
            <param index="1">
              <value>
                <![CDATA[Rachel]]>
              </value>
            </param>
            <param index="2">
              <value>
                <![CDATA[Reena]]>
              </value>
            </param>
            <param index="3">
              <value>
                <![CDATA[21]]>
              </value>
            </param>
            <param index="4">
              <value>
                <![CDATA[May]]>
              </value>
            </param>
            <param index="5">
              <value>
                <![CDATA[1982]]>
              </value>
            </param>
            <param index="6">
              <value>
                <![CDATA[rachel12@gmail.com]]>
              </value>
            </param>
            <param index="7">
              <value>
                <![CDATA[Moolya]]>
              </value>
            </param>
            <param index="8">
              <value>
                <![CDATA[Pass@12345]]>
              </value>
            </param>
            <param index="9">
              <value>
                <![CDATA[Pass@12345]]>
              </value>
            </param>
          </params>
          <reporter-output>
          </reporter-output>
        </test-method> <!-- user_register -->
        <test-method signature="account_action()[pri:2, instance:dataprovider.Ecommerceprogram@68702e03]" started-at="2024-03-01T20:53:57Z" name="account_action" finished-at="2024-03-01T20:54:10Z" duration-ms="13323" status="PASS">
          <reporter-output>
          </reporter-output>
        </test-method> <!-- account_action -->
        <test-method is-config="true" signature="teardown()[pri:0, instance:dataprovider.Ecommerceprogram@68702e03]" started-at="2024-03-01T20:54:10Z" name="teardown" finished-at="2024-03-01T20:54:10Z" duration-ms="233" status="PASS">
          <reporter-output>
          </reporter-output>
        </test-method> <!-- teardown -->
      </class> <!-- dataprovider.Ecommerceprogram -->
    </test> <!-- Default test -->
  </suite> <!-- Default suite -->
</testng-results>
